\BOOKMARK [0][-]{section*.1}{\376\377\000A\000c\000k\000n\000o\000w\000l\000e\000d\000g\000e\000m\000e\000n\000t\000s}{}% 1
\BOOKMARK [0][-]{section*.3}{\376\377\000C\000o\000n\000t\000e\000n\000t\000s}{}% 2
\BOOKMARK [0][-]{section*.5}{\376\377\000L\000i\000s\000t\000\040\000o\000f\000\040\000T\000a\000b\000l\000e\000s}{}% 3
\BOOKMARK [0][-]{section*.7}{\376\377\000L\000i\000s\000t\000\040\000o\000f\000\040\000F\000i\000g\000u\000r\000e\000s}{}% 4
\BOOKMARK [0][-]{chapter.9}{\376\377\000S\000t\000a\000r\000\040\000f\000o\000r\000m\000a\000t\000i\000o\000n\000\040\000i\000n\000\040\000c\000l\000u\000s\000t\000e\000r\000e\000d\000\040\000e\000n\000v\000i\000r\000o\000n\000m\000e\000n\000t\000s}{}% 5
\BOOKMARK [1][-]{section.10}{\376\377\000M\000o\000l\000e\000c\000u\000l\000a\000r\000\040\000C\000l\000o\000u\000d\000s}{chapter.9}% 6
\BOOKMARK [1][-]{section.11}{\376\377\000S\000t\000a\000r\000\040\000f\000o\000r\000m\000a\000t\000i\000o\000n}{chapter.9}% 7
\BOOKMARK [2][-]{subsection.12}{\376\377\000S\000t\000a\000n\000d\000a\000r\000d\000\040\000m\000o\000d\000e\000l\000s}{section.11}% 8
\BOOKMARK [3][-]{subsubsection.13}{\376\377\000G\000r\000a\000v\000i\000t\000a\000t\000i\000o\000n\000a\000l\000\040\000c\000o\000l\000l\000a\000p\000s\000e}{subsection.12}% 9
\BOOKMARK [3][-]{subsubsection.17}{\376\377\000Y\000S\000O\000\040\000c\000l\000a\000s\000s\000i\000f\000i\000c\000a\000t\000i\000o\000n\000\040\000a\000n\000d\000\040\000c\000h\000a\000r\000a\000c\000t\000e\000r\000i\000s\000t\000i\000c\000s}{subsection.12}% 10
\BOOKMARK [2][-]{subsection.22}{\376\377\000M\000a\000s\000s\000\040\000a\000c\000c\000r\000e\000t\000i\000o\000n\000\040\000i\000n\000\040\000c\000l\000u\000s\000t\000e\000r\000s}{section.11}% 11
\BOOKMARK [1][-]{section.24}{\376\377\000D\000u\000s\000t\000\040\000a\000s\000\040\000a\000\040\000t\000r\000a\000c\000e\000r\000\040\000o\000f\000\040\000s\000t\000a\000r\000\040\000f\000o\000r\000m\000a\000t\000i\000o\000n}{chapter.9}% 12
\BOOKMARK [2][-]{subsection.25}{\376\377\000D\000u\000s\000t\000\040\000p\000o\000p\000u\000l\000a\000t\000i\000o\000n\000s\000\040\000a\000n\000d\000\040\000p\000r\000o\000p\000e\000r\000t\000i\000e\000s}{section.24}% 13
\BOOKMARK [2][-]{subsection.27}{\376\377\000B\000a\000s\000i\000c\000s\000\040\000o\000f\000\040\000d\000u\000s\000t\000\040\000e\000x\000t\000i\000n\000c\000t\000i\000o\000n}{section.24}% 14
\BOOKMARK [2][-]{subsection.29}{\376\377\000R\000a\000d\000i\000a\000t\000i\000v\000e\000\040\000t\000r\000a\000n\000s\000f\000e\000r\000\040\000m\000o\000d\000e\000l\000i\000n\000g}{section.24}% 15
\BOOKMARK [2][-]{subsection.30}{\376\377\000O\000b\000s\000e\000r\000v\000i\000n\000g\000\040\000s\000t\000a\000r\000\040\000f\000o\000r\000m\000a\000t\000i\000o\000n}{section.24}% 16
\BOOKMARK [0][-]{chapter.33}{\376\377\000S\000t\000a\000r\000\040\000F\000o\000r\000m\000a\000t\000i\000o\000n\000\040\000i\000n\000\040\000C\000l\000u\000s\000t\000e\000r\000e\000d\000\040\000e\000n\000v\000i\000r\000o\000n\000m\000e\000n\000t\000s\000\040\000w\000i\000t\000h\000\040\000S\000O\000F\000I\000A\000\040\000F\000O\000R\000C\000A\000S\000T}{}% 17
\BOOKMARK [1][-]{section.34}{\376\377\000I\000n\000t\000r\000o\000d\000u\000c\000t\000i\000o\000n}{chapter.33}% 18
\BOOKMARK [1][-]{section.36}{\376\377\000S\000a\000m\000p\000l\000e\000\040\000d\000e\000s\000c\000r\000i\000p\000t\000i\000o\000n\000\040\000a\000n\000d\000\040\000s\000c\000i\000e\000n\000t\000i\000f\000i\000c\000\040\000g\000o\000a\000l\000s}{chapter.33}% 19
\BOOKMARK [1][-]{section.37}{\376\377\000O\000b\000s\000e\000r\000v\000a\000t\000i\000o\000n\000s}{chapter.33}% 20
\BOOKMARK [1][-]{section.42}{\376\377\000F\000O\000R\000C\000A\000S\000T\000\040\000c\000h\000a\000r\000a\000c\000t\000e\000r\000i\000z\000a\000t\000i\000o\000n}{chapter.33}% 21
\BOOKMARK [2][-]{subsection.43}{\376\377\000P\000S\000F\000\040\000s\000i\000z\000e}{section.42}% 22
\BOOKMARK [2][-]{subsection.46}{\376\377\000A\000p\000e\000r\000t\000u\000r\000e\000\040\000c\000o\000r\000r\000e\000c\000t\000i\000o\000n\000\040\000f\000a\000c\000t\000o\000r}{section.42}% 23
\BOOKMARK [2][-]{subsection.48}{\376\377\000I\000n\000s\000t\000r\000u\000m\000e\000n\000t\000\040\000r\000e\000s\000p\000o\000n\000s\000e\000\040\000a\000n\000d\000\040\000o\000v\000e\000r\000a\000l\000l\000\040\000u\000n\000c\000e\000r\000t\000a\000i\000n\000t\000y}{section.42}% 24
\BOOKMARK [1][-]{section.50}{\376\377\000D\000a\000t\000a\000\040\000r\000e\000d\000u\000c\000t\000i\000o\000n\000\040\000a\000n\000d\000\040\000p\000h\000o\000t\000o\000m\000e\000t\000r\000y}{chapter.33}% 25
\BOOKMARK [2][-]{subsection.51}{\376\377\000P\000r\000e\000-\000t\000r\000e\000a\000t\000m\000e\000n\000t}{section.50}% 26
\BOOKMARK [2][-]{subsection.52}{\376\377\000S\000o\000u\000r\000c\000e\000\040\000f\000l\000u\000x\000\040\000e\000x\000t\000r\000a\000c\000t\000i\000o\000n}{section.50}% 27
\BOOKMARK [2][-]{subsection.55}{\376\377\000I\000m\000a\000g\000e\000\040\000s\000e\000n\000s\000i\000t\000i\000v\000i\000t\000y}{section.50}% 28
\BOOKMARK [2][-]{subsection.58}{\376\377\000O\000t\000h\000e\000r\000\040\000p\000h\000o\000t\000o\000m\000e\000t\000r\000y}{section.50}% 29
\BOOKMARK [1][-]{section.61}{\376\377\000D\000a\000t\000a\000\040\000p\000r\000o\000d\000u\000c\000t\000s}{chapter.33}% 30
\BOOKMARK [2][-]{subsection.62}{\376\377\000M\000o\000s\000a\000i\000c\000s}{section.61}% 31
\BOOKMARK [2][-]{subsection.64}{\376\377\000P\000h\000o\000t\000o\000m\000e\000t\000r\000y\000\040\000a\000n\000d\000\040\000S\000E\000D\000s}{section.61}% 32
\BOOKMARK [2][-]{subsection.69}{\376\377\000F\000i\000t\000t\000e\000d\000\040\000p\000h\000y\000s\000i\000c\000a\000l\000\040\000p\000a\000r\000a\000m\000e\000t\000e\000r\000s}{section.61}% 33
\BOOKMARK [1][-]{section.71}{\376\377\000S\000E\000D\000\040\000f\000i\000t\000t\000i\000n\000g}{chapter.33}% 34
\BOOKMARK [2][-]{subsection.72}{\376\377\000A\000\040\000c\000u\000s\000t\000o\000m\000\040\000g\000r\000i\000d\000\040\000o\000f\000\040\000m\000o\000d\000e\000l\000s}{section.71}% 35
\BOOKMARK [2][-]{subsection.77}{\376\377\000F\000i\000t\000t\000i\000n\000g\000\040\000m\000e\000t\000h\000o\000d}{section.71}% 36
\BOOKMARK [2][-]{subsection.79}{\376\377\000O\000v\000e\000r\000v\000i\000e\000w\000\040\000o\000f\000\040\000d\000e\000r\000i\000v\000e\000d\000\040\000p\000a\000r\000a\000m\000e\000t\000e\000r\000s}{section.71}% 37
\BOOKMARK [2][-]{subsection.88}{\376\377\000E\000s\000t\000i\000m\000a\000t\000i\000n\000g\000\040\000p\000a\000r\000a\000m\000e\000t\000e\000r\000\040\000u\000n\000c\000e\000r\000t\000a\000i\000n\000t\000y}{section.71}% 38
\BOOKMARK [2][-]{subsection.89}{\376\377\000D\000i\000s\000c\000u\000s\000s\000i\000o\000n}{section.71}% 39
\BOOKMARK [1][-]{section.92}{\376\377\000A\000p\000p\000l\000i\000c\000a\000t\000i\000o\000n\000\040\000t\000o\000\040\000t\000w\000o\000\040\000c\000l\000u\000s\000t\000e\000r\000s}{chapter.33}% 40
\BOOKMARK [2][-]{subsection.94}{\376\377\000I\000R\000A\000S\000\040\0002\0000\0000\0005\0000\000+\0002\0007\0002\0000}{section.92}% 41
\BOOKMARK [3][-]{subsubsection.95}{\376\377\000C\000o\000n\000t\000e\000x\000t}{subsection.94}% 42
\BOOKMARK [3][-]{subsubsection.96}{\376\377\000O\000b\000s\000e\000r\000v\000a\000t\000i\000o\000n\000s\000\040\000a\000n\000d\000\040\000d\000i\000s\000c\000u\000s\000s\000i\000o\000n}{subsection.94}% 43
\BOOKMARK [2][-]{subsection.106}{\376\377\000N\000G\000C\000\040\0002\0000\0007\0001}{section.92}% 44
\BOOKMARK [3][-]{subsubsection.107}{\376\377\000C\000o\000n\000t\000e\000x\000t}{subsection.106}% 45
\BOOKMARK [3][-]{subsubsection.108}{\376\377\000O\000b\000s\000e\000r\000v\000a\000t\000i\000o\000n\000s\000\040\000a\000n\000d\000\040\000d\000i\000s\000c\000u\000s\000s\000i\000o\000n}{subsection.106}% 46
\BOOKMARK [1][-]{section.115}{\376\377\000C\000o\000n\000c\000l\000u\000s\000i\000o\000n\000\040\000a\000n\000d\000\040\000f\000u\000t\000u\000r\000e\000\040\000w\000o\000r\000k}{chapter.33}% 47
\BOOKMARK [0][-]{chapter.116}{\376\377\000T\000h\000e\000\040\000B\000a\000l\000l\000o\000o\000n\000\040\000E\000x\000p\000e\000r\000i\000m\000e\000n\000t\000a\000l\000\040\000T\000w\000i\000n\000\040\000T\000e\000l\000e\000s\000c\000o\000p\000e\000\040\000f\000o\000r\000\040\000I\000n\000f\000r\000a\000r\000e\000d\000\040\000I\000n\000t\000e\000r\000f\000e\000r\000o\000m\000e\000t\000r\000y}{}% 48
\BOOKMARK [1][-]{section.117}{\376\377\000T\000o\000w\000a\000r\000d\000s\000\040\000h\000i\000g\000h\000e\000r\000\040\000a\000n\000g\000u\000l\000a\000r\000\040\000r\000e\000s\000o\000l\000u\000t\000i\000o\000n\000\040\000i\000n\000\040\000t\000h\000e\000\040\000f\000a\000r\000-\000I\000R}{chapter.116}% 49
\BOOKMARK [1][-]{section.118}{\376\377\000B\000E\000T\000T\000I\000I\000\040\000d\000e\000s\000c\000r\000i\000p\000t\000i\000o\000n}{chapter.116}% 50
\BOOKMARK [1][-]{section.119}{\376\377\000B\000a\000s\000i\000c\000s\000\040\000o\000f\000\040\000i\000n\000t\000e\000r\000f\000e\000r\000o\000m\000e\000t\000r\000y}{chapter.116}% 51
\BOOKMARK [2][-]{subsection.121}{\376\377\000F\000o\000u\000r\000i\000e\000r\000\040\000t\000r\000a\000n\000s\000f\000o\000r\000m\000\040\000s\000p\000e\000c\000t\000r\000o\000s\000c\000o\000p\000y}{section.119}% 52
\BOOKMARK [2][-]{subsection.124}{\376\377\000A\000p\000e\000r\000t\000u\000r\000e\000\040\000s\000y\000n\000t\000h\000e\000s\000i\000s}{section.119}% 53
\BOOKMARK [2][-]{subsection.127}{\376\377\000D\000o\000u\000b\000l\000e\000-\000F\000o\000u\000r\000i\000e\000r\000\040\000i\000n\000t\000e\000r\000f\000e\000r\000o\000m\000e\000t\000r\000y}{section.119}% 54
\BOOKMARK [1][-]{section.129}{\376\377\000B\000E\000T\000T\000I\000I\000\040\000I\000n\000s\000t\000r\000u\000m\000e\000n\000t\000\040\000d\000e\000s\000i\000g\000n}{chapter.116}% 55
\BOOKMARK [2][-]{subsection.130}{\376\377\000S\000t\000r\000a\000t\000o\000s\000p\000h\000e\000r\000i\000c\000\040\000b\000a\000l\000l\000o\000o\000n\000\040\000e\000n\000v\000i\000r\000o\000n\000m\000e\000n\000t}{section.129}% 56
\BOOKMARK [2][-]{subsection.132}{\376\377\000M\000e\000c\000h\000a\000n\000i\000c\000a\000l\000\040\000d\000e\000s\000i\000g\000n}{section.129}% 57
\BOOKMARK [2][-]{subsection.135}{\376\377\000W\000a\000r\000m\000\040\000o\000p\000t\000i\000c\000a\000l\000\040\000s\000y\000s\000t\000e\000m}{section.129}% 58
\BOOKMARK [3][-]{subsubsection.136}{\376\377\000O\000p\000t\000i\000c\000s\000\040\000l\000a\000y\000o\000u\000t}{subsection.135}% 59
\BOOKMARK [3][-]{subsubsection.140}{\376\377\000O\000p\000t\000i\000c\000s\000\040\000m\000a\000n\000u\000f\000a\000c\000t\000u\000r\000i\000n\000g}{subsection.135}% 60
\BOOKMARK [2][-]{subsection.142}{\376\377\000C\000r\000y\000o\000g\000e\000n\000i\000c\000\040\000i\000n\000s\000t\000r\000u\000m\000e\000n\000t}{section.129}% 61
\BOOKMARK [2][-]{subsection.146}{\376\377\000D\000a\000t\000a\000\040\000p\000r\000o\000d\000u\000c\000t\000s\000\040\000\046\000\040\000a\000n\000a\000l\000y\000s\000i\000s}{section.129}% 62
\BOOKMARK [1][-]{section.148}{\376\377\000S\000e\000n\000s\000i\000t\000i\000v\000i\000t\000y\000\040\000a\000n\000a\000l\000y\000s\000i\000s}{chapter.116}% 63
\BOOKMARK [2][-]{subsection.149}{\376\377\000I\000n\000s\000t\000r\000u\000m\000e\000n\000t\000\040\000a\000n\000d\000\040\000o\000b\000s\000e\000r\000v\000i\000n\000g\000\040\000p\000a\000r\000a\000m\000e\000t\000e\000r\000s}{section.148}% 64
\BOOKMARK [2][-]{subsection.152}{\376\377\000F\000a\000r\000-\000I\000R\000\040\000b\000a\000c\000k\000g\000r\000o\000u\000n\000d\000\040\000n\000o\000i\000s\000e\000\040\000e\000s\000t\000i\000m\000a\000t\000i\000o\000n}{section.148}% 65
\BOOKMARK [2][-]{subsection.161}{\376\377\000I\000n\000t\000e\000r\000f\000e\000r\000o\000m\000e\000t\000r\000i\000c\000\040\000v\000i\000s\000i\000b\000i\000l\000i\000t\000y\000\040\000b\000u\000d\000g\000e\000t}{section.148}% 66
\BOOKMARK [2][-]{subsection.164}{\376\377\000S\000c\000i\000e\000n\000c\000e\000\040\000c\000h\000a\000n\000n\000e\000l\000\040\000e\000s\000t\000i\000m\000a\000t\000e\000d\000\040\000s\000e\000n\000s\000i\000t\000i\000v\000i\000t\000y}{section.148}% 67
\BOOKMARK [2][-]{subsection.168}{\376\377\000T\000r\000a\000c\000k\000i\000n\000g\000\040\000c\000h\000a\000n\000n\000e\000l\000\040\000e\000s\000t\000i\000m\000a\000t\000e\000d\000\040\000s\000e\000n\000s\000i\000t\000i\000v\000i\000t\000y}{section.148}% 68
\BOOKMARK [1][-]{section.173}{\376\377\000T\000a\000r\000g\000e\000t\000s}{chapter.116}% 69
\BOOKMARK [2][-]{subsection.174}{\376\377\000C\000a\000l\000i\000b\000r\000a\000t\000o\000r\000s}{section.173}% 70
\BOOKMARK [2][-]{subsection.176}{\376\377\000S\000c\000i\000e\000n\000c\000e\000\040\000t\000a\000r\000g\000e\000t\000s}{section.173}% 71
\BOOKMARK [0][-]{chapter.180}{\376\377\000F\000a\000r\000-\000I\000R\000\040\000d\000o\000u\000b\000l\000e\000-\000F\000o\000u\000r\000i\000e\000r\000\040\000i\000n\000t\000e\000r\000f\000e\000r\000o\000m\000e\000t\000e\000r\000s\000\040\000a\000n\000d\000\040\000t\000h\000e\000i\000r\000\040\000s\000p\000e\000c\000t\000r\000a\000l\000\040\000s\000e\000n\000s\000i\000t\000i\000v\000i\000t\000y}{}% 72
\BOOKMARK [1][-]{section.181}{\376\377\000I\000n\000t\000r\000o\000d\000u\000c\000t\000i\000o\000n}{chapter.180}% 73
\BOOKMARK [2][-]{subsection.182}{\376\377\000S\000p\000a\000t\000i\000o\000-\000s\000p\000e\000c\000t\000r\000a\000l\000\040\000i\000n\000t\000e\000r\000f\000e\000r\000o\000m\000e\000t\000r\000y}{section.181}% 74
\BOOKMARK [2][-]{subsection.184}{\376\377\000T\000h\000e\000\040\000c\000a\000s\000e\000\040\000s\000t\000u\000d\000y\000:\000\040\000B\000E\000T\000T\000I\000I}{section.181}% 75
\BOOKMARK [1][-]{section.185}{\376\377\000M\000a\000t\000h\000e\000m\000a\000t\000i\000c\000a\000l\000\040\000f\000o\000r\000m\000a\000l\000i\000s\000m}{chapter.180}% 76
\BOOKMARK [2][-]{subsection.187}{\376\377\000I\000n\000t\000e\000r\000f\000e\000r\000o\000g\000r\000a\000m\000s\000\040\000f\000o\000r\000\040\000a\000\040\000s\000i\000n\000g\000l\000e\000\040\000b\000a\000s\000e\000l\000i\000n\000e}{section.185}% 77
\BOOKMARK [2][-]{subsection.194}{\376\377\000M\000e\000a\000s\000u\000r\000e\000d\000\040\000i\000n\000t\000e\000r\000f\000e\000r\000o\000g\000r\000a\000m\000s}{section.185}% 78
\BOOKMARK [1][-]{section.197}{\376\377\000N\000o\000i\000s\000e\000\040\000s\000o\000u\000r\000c\000e\000s}{chapter.180}% 79
\BOOKMARK [2][-]{subsection.198}{\376\377\000I\000n\000t\000e\000n\000s\000i\000t\000y\000\040\000n\000o\000i\000s\000e}{section.197}% 80
\BOOKMARK [2][-]{subsection.202}{\376\377\000O\000P\000D\000\040\000n\000o\000i\000s\000e}{section.197}% 81
\BOOKMARK [1][-]{section.203}{\376\377\000S\000p\000e\000c\000t\000r\000a\000l\000\040\000s\000i\000g\000n\000a\000l\000-\000t\000o\000-\000n\000o\000i\000s\000e\000\040\000r\000a\000t\000i\000o}{chapter.180}% 82
\BOOKMARK [2][-]{subsection.204}{\376\377\000E\000f\000f\000e\000c\000t\000s\000\040\000o\000f\000\040\000G\000a\000u\000s\000s\000i\000a\000n\000\040\000i\000n\000t\000e\000n\000s\000i\000t\000y\000\040\000n\000o\000i\000s\000e}{section.203}% 83
\BOOKMARK [2][-]{subsection.213}{\376\377\000E\000f\000f\000e\000c\000t\000s\000\040\000o\000f\000\040\000G\000a\000u\000s\000s\000i\000a\000n\000\040\000O\000P\000D\000\040\000n\000o\000i\000s\000e}{section.203}% 84
\BOOKMARK [2][-]{subsection.216}{\376\377\000C\000o\000-\000a\000d\000d\000i\000n\000g\000\040\000i\000n\000t\000e\000r\000f\000e\000r\000o\000g\000r\000a\000m\000s}{section.203}% 85
\BOOKMARK [2][-]{subsection.217}{\376\377\000I\000m\000p\000l\000i\000c\000a\000t\000i\000o\000n\000s\000\040\000f\000o\000r\000\040\000s\000p\000e\000c\000t\000r\000o\000s\000c\000o\000p\000y}{section.203}% 86
\BOOKMARK [1][-]{section.220}{\376\377\000S\000p\000e\000c\000t\000r\000a\000l\000\040\000s\000e\000n\000s\000i\000t\000i\000v\000i\000t\000y\000\040\000a\000n\000a\000l\000y\000s\000i\000s\000\040\000f\000o\000r\000\040\000B\000E\000T\000T\000I\000I}{chapter.180}% 87
\BOOKMARK [2][-]{subsection.221}{\376\377\000N\000o\000i\000s\000e\000\040\000s\000o\000u\000r\000c\000e\000s\000\040\000a\000n\000d\000\040\000c\000o\000n\000t\000r\000o\000l\000\040\000s\000y\000s\000t\000e\000m}{section.220}% 88
\BOOKMARK [2][-]{subsection.222}{\376\377\000D\000e\000r\000i\000v\000e\000d\000\040\000s\000e\000n\000s\000i\000t\000i\000v\000i\000t\000y\000\040\000a\000n\000d\000\040\000f\000a\000i\000n\000t\000e\000s\000t\000\040\000d\000e\000t\000e\000c\000t\000a\000b\000l\000e\000\040\000t\000a\000r\000g\000e\000t\000s}{section.220}% 89
\BOOKMARK [1][-]{section.226}{\376\377\000C\000o\000n\000c\000l\000u\000s\000i\000o\000n}{chapter.180}% 90
\BOOKMARK [0][-]{chapter.227}{\376\377\000A\000t\000t\000i\000t\000u\000d\000e\000\040\000e\000s\000t\000i\000m\000a\000t\000i\000o\000n\000\040\000a\000n\000d\000\040\000c\000o\000n\000t\000r\000o\000l\000\040\000f\000o\000r\000\040\000B\000E\000T\000T\000I\000I}{}% 91
\BOOKMARK [1][-]{section.228}{\376\377\000C\000o\000n\000t\000r\000o\000l\000\040\000s\000y\000s\000t\000e\000m\000\040\000a\000r\000c\000h\000i\000t\000e\000c\000t\000u\000r\000e}{chapter.227}% 92
\BOOKMARK [2][-]{subsection.229}{\376\377\000O\000v\000e\000r\000a\000l\000l\000\040\000s\000t\000r\000a\000t\000e\000g\000y}{section.228}% 93
\BOOKMARK [3][-]{subsubsection.230}{\376\377\000R\000e\000q\000u\000i\000r\000e\000m\000e\000n\000t\000s}{subsection.229}% 94
\BOOKMARK [3][-]{subsubsection.231}{\376\377\000B\000E\000T\000T\000I\000I\000\040\000C\000o\000o\000r\000d\000i\000n\000a\000t\000e\000\040\000s\000y\000s\000t\000e\000m\000s}{subsection.229}% 95
\BOOKMARK [3][-]{subsubsection.236}{\376\377\000C\000o\000n\000t\000r\000o\000l\000\040\000a\000r\000c\000h\000i\000t\000e\000c\000t\000u\000r\000e\000\040\000a\000n\000d\000\040\000o\000p\000e\000r\000a\000t\000i\000n\000g\000\040\000m\000o\000d\000e\000s}{subsection.229}% 96
\BOOKMARK [2][-]{subsection.242}{\376\377\000S\000u\000b\000s\000y\000s\000t\000e\000m\000s}{section.228}% 97
\BOOKMARK [3][-]{subsubsection.243}{\376\377\000G\000y\000r\000o\000s\000c\000o\000p\000e\000s}{subsection.242}% 98
\BOOKMARK [3][-]{subsubsection.256}{\376\377\000S\000t\000a\000r\000\040\000c\000a\000m\000e\000r\000a\000s}{subsection.242}% 99
\BOOKMARK [3][-]{subsubsection.262}{\376\377\000A\000z\000i\000m\000u\000t\000h\000\040\000c\000o\000n\000t\000r\000o\000l}{subsection.242}% 100
\BOOKMARK [3][-]{subsubsection.268}{\376\377\000M\000o\000m\000e\000n\000t\000u\000m\000\040\000d\000u\000m\000p\000\040\000m\000e\000c\000h\000a\000n\000i\000s\000m}{subsection.242}% 101
\BOOKMARK [3][-]{subsubsection.272}{\376\377\000E\000l\000e\000v\000a\000t\000i\000o\000n\000\040\000c\000o\000n\000t\000r\000o\000l}{subsection.242}% 102
\BOOKMARK [3][-]{subsubsection.274}{\376\377\000D\000e\000l\000a\000y\000\040\000l\000i\000n\000e\000s}{subsection.242}% 103
\BOOKMARK [3][-]{subsubsection.275}{\376\377\000T\000i\000p\000/\000t\000i\000l\000t}{subsection.242}% 104
\BOOKMARK [3][-]{subsubsection.277}{\376\377\000F\000i\000n\000e\000\040\000g\000u\000i\000d\000a\000n\000c\000e\000\040\000s\000e\000n\000s\000o\000r}{subsection.242}% 105
\BOOKMARK [3][-]{subsubsection.278}{\376\377\000C\000l\000o\000c\000k\000s\000\040\000a\000n\000d\000\040\000t\000i\000m\000i\000n\000g}{subsection.242}% 106
\BOOKMARK [3][-]{subsubsection.280}{\376\377\000C\000o\000m\000p\000u\000t\000e\000r\000s}{subsection.242}% 107
\BOOKMARK [2][-]{subsection.285}{\376\377\000S\000o\000f\000t\000w\000a\000r\000e\000\040\000a\000r\000c\000h\000i\000t\000e\000c\000t\000u\000r\000e}{section.228}% 108
\BOOKMARK [2][-]{subsection.287}{\376\377\000C\000o\000n\000t\000r\000o\000l\000s\000\040\000a\000r\000c\000h\000i\000t\000e\000c\000t\000u\000r\000e\000\040\000s\000u\000m\000m\000a\000r\000y}{section.228}% 109
\BOOKMARK [1][-]{section.289}{\376\377\0003\000D\000\040\000a\000t\000t\000i\000t\000u\000d\000e\000\040\000e\000s\000t\000i\000m\000a\000t\000i\000o\000n\000\040\000a\000n\000d\000\040\000s\000e\000n\000s\000o\000r\000\040\000f\000u\000s\000i\000o\000n}{chapter.227}% 110
\BOOKMARK [2][-]{subsection.290}{\376\377\000S\000e\000n\000s\000o\000r\000\040\000m\000o\000d\000e\000l\000s}{section.289}% 111
\BOOKMARK [3][-]{subsubsection.291}{\376\377\000G\000y\000r\000o\000s\000c\000o\000p\000e\000\040\000m\000o\000d\000e\000l}{subsection.290}% 112
\BOOKMARK [3][-]{subsubsection.295}{\376\377\000S\000t\000a\000r\000\040\000c\000a\000m\000e\000r\000a\000\040\000m\000o\000d\000e\000l}{subsection.290}% 113
\BOOKMARK [2][-]{subsection.297}{\376\377\000C\000o\000n\000t\000i\000n\000u\000o\000u\000s\000\040\000s\000t\000a\000t\000e\000\040\000e\000q\000u\000a\000t\000i\000o\000n\000\040\000a\000n\000d\000\040\000e\000r\000r\000o\000r}{section.289}% 114
\BOOKMARK [2][-]{subsection.308}{\376\377\000I\000n\000t\000e\000g\000r\000a\000t\000i\000o\000n\000\040\000o\000f\000\040\000c\000o\000n\000t\000i\000n\000u\000o\000u\000s\000\040\000e\000q\000u\000a\000t\000i\000o\000n\000s}{section.289}% 115
\BOOKMARK [2][-]{subsection.310}{\376\377\000D\000i\000s\000c\000r\000e\000t\000e\000\040\000c\000o\000v\000a\000r\000i\000a\000n\000c\000e\000\040\000m\000a\000t\000r\000i\000c\000e\000s}{section.289}% 116
\BOOKMARK [2][-]{subsection.313}{\376\377\000D\000i\000s\000c\000r\000e\000t\000e\000\040\000K\000a\000l\000m\000a\000n\000\040\000f\000i\000l\000t\000e\000r\000\040\000s\000e\000t\000u\000p}{section.289}% 117
\BOOKMARK [2][-]{subsection.321}{\376\377\000K\000a\000l\000m\000a\000n\000\040\000f\000i\000l\000t\000e\000r\000:\000\040\000p\000r\000e\000d\000i\000c\000t\000i\000o\000n}{section.289}% 118
\BOOKMARK [2][-]{subsection.328}{\376\377\000K\000a\000l\000m\000a\000n\000\040\000f\000i\000l\000t\000e\000r\000:\000\040\000u\000p\000d\000a\000t\000e}{section.289}% 119
\BOOKMARK [2][-]{subsection.337}{\376\377\000D\000e\000l\000a\000y\000e\000d\000\040\000s\000t\000a\000r\000\040\000c\000a\000m\000e\000r\000a\000\040\000s\000o\000l\000u\000t\000i\000o\000n}{section.289}% 120
\BOOKMARK [2][-]{subsection.338}{\376\377\000S\000u\000m\000m\000a\000r\000y\000\040\000o\000f\000\040\000K\000a\000l\000m\000a\000n\000\040\000f\000i\000l\000t\000e\000r\000\040\000s\000t\000e\000p\000s}{section.289}% 121
\BOOKMARK [2][-]{subsection.340}{\376\377\000E\000n\000h\000a\000n\000c\000i\000n\000g\000\040\000t\000h\000e\000\040\000K\000a\000l\000m\000a\000n\000\040\000f\000i\000l\000t\000e\000r\000\040\000m\000o\000d\000e\000l\000s}{section.289}% 122
\BOOKMARK [3][-]{subsubsection.341}{\376\377\000E\000s\000t\000i\000m\000a\000t\000i\000n\000g\000\040\000a\000n\000g\000u\000l\000a\000r\000\040\000e\000r\000r\000o\000r\000\040\000b\000e\000t\000w\000e\000e\000n\000\040\000r\000e\000f\000e\000r\000e\000n\000c\000e\000\040\000f\000r\000a\000m\000e\000s}{subsection.340}% 123
\BOOKMARK [3][-]{subsubsection.344}{\376\377\000E\000s\000t\000i\000m\000a\000t\000i\000n\000g\000\040\000t\000h\000e\000\040\000o\000r\000t\000h\000o\000g\000o\000n\000a\000l\000i\000z\000a\000t\000i\000o\000n\000\040\000e\000r\000r\000o\000r\000\040\000a\000n\000d\000\040\000s\000c\000a\000l\000e\000\040\000f\000a\000c\000t\000o\000r\000\040\000e\000r\000r\000o\000r}{subsection.340}% 124
\BOOKMARK [2][-]{subsection.350}{\376\377\000C\000o\000n\000c\000l\000u\000s\000i\000o\000n\000s\000\040\000o\000n\000\040\000s\000e\000n\000s\000o\000r\000\040\000f\000u\000s\000i\000o\000n}{section.289}% 125
\BOOKMARK [0][-]{chapter.351}{\376\377\000I\000m\000p\000l\000e\000m\000e\000n\000t\000a\000t\000i\000o\000n\000\040\000a\000n\000d\000\040\000o\000n\000-\000s\000k\000y\000\040\000t\000e\000s\000t\000i\000n\000g}{}% 126
\BOOKMARK [1][-]{section.352}{\376\377\000K\000e\000y\000\040\000p\000r\000e\000-\000f\000l\000i\000g\000h\000t\000\040\000p\000r\000o\000c\000e\000d\000u\000r\000e\000s}{chapter.351}% 127
\BOOKMARK [2][-]{subsection.353}{\376\377\000I\000n\000e\000r\000t\000i\000a\000\040\000m\000e\000a\000s\000u\000r\000e\000m\000e\000n\000t}{section.352}% 128
\BOOKMARK [2][-]{subsection.354}{\376\377\000S\000e\000n\000s\000o\000r\000\040\000a\000l\000i\000g\000n\000m\000e\000n\000t\000\040\000a\000n\000d\000\040\000c\000a\000l\000i\000b\000r\000a\000t\000i\000o\000n}{section.352}% 129
\BOOKMARK [3][-]{subsubsection.355}{\376\377\000G\000y\000r\000o\000s\000c\000o\000p\000e\000\040\000s\000p\000e\000c\000t\000r\000a\000l\000\040\000a\000n\000a\000l\000y\000s\000i\000s\000\040\000i\000n\000\040\000f\000l\000i\000g\000h\000t\000\040\000c\000o\000n\000f\000i\000g\000u\000r\000a\000t\000i\000o\000n}{subsection.354}% 130
\BOOKMARK [3][-]{subsubsection.357}{\376\377\000O\000r\000t\000h\000o\000g\000o\000n\000a\000l\000i\000z\000a\000t\000i\000o\000n\000\040\000o\000f\000\040\000g\000y\000r\000o\000s\000c\000o\000p\000e\000\040\000m\000o\000u\000n\000t}{subsection.354}% 131
\BOOKMARK [3][-]{subsubsection.359}{\376\377\000A\000l\000i\000g\000n\000m\000e\000n\000t\000\040\000o\000f\000\040\000g\000y\000r\000o\000s\000c\000o\000p\000e\000\040\000m\000o\000u\000n\000t\000\040\000t\000o\000\040\000s\000t\000a\000r\000\040\000c\000a\000m\000e\000r\000a\000\040\000m\000o\000u\000n\000t\000s}{subsection.354}% 132
\BOOKMARK [2][-]{subsection.360}{\376\377\000S\000t\000a\000r\000\040\000c\000a\000m\000e\000r\000a}{section.352}% 133
\BOOKMARK [3][-]{subsubsection.361}{\376\377\000T\000u\000n\000i\000n\000g\000\040\000t\000e\000s\000t\000s}{subsection.360}% 134
\BOOKMARK [3][-]{subsubsection.365}{\376\377\000L\000i\000v\000e\000\040\000s\000t\000a\000r\000\040\000c\000a\000m\000e\000r\000a\000\040\000d\000i\000a\000g\000n\000o\000s\000t\000i\000c\000\040\000s\000o\000f\000t\000w\000a\000r\000e}{subsection.360}% 135
\BOOKMARK [1][-]{section.366}{\376\377\000E\000s\000t\000i\000m\000a\000t\000o\000r\000\040\000i\000m\000p\000l\000e\000m\000e\000n\000t\000a\000t\000i\000o\000n}{chapter.351}% 136
\BOOKMARK [2][-]{subsection.367}{\376\377\000T\000e\000s\000t\000\040\000s\000e\000t\000u\000p\000\040\000a\000n\000d\000\040\000l\000i\000m\000i\000t\000a\000t\000i\000o\000n\000s}{section.366}% 137
\BOOKMARK [2][-]{subsection.368}{\376\377\000A\000u\000t\000o\000f\000o\000c\000u\000s\000\040\000i\000m\000p\000l\000e\000m\000e\000n\000t\000a\000t\000i\000o\000n}{section.366}% 138
\BOOKMARK [2][-]{subsection.374}{\376\377\000G\000y\000r\000o\000\040\000a\000t\000t\000i\000t\000u\000d\000e\000\040\000e\000s\000t\000i\000m\000a\000t\000o\000r}{section.366}% 139
\BOOKMARK [2][-]{subsection.379}{\376\377\000T\000e\000l\000e\000s\000c\000o\000p\000e\000\040\000a\000t\000t\000i\000t\000u\000d\000e\000\040\000e\000s\000t\000i\000m\000a\000t\000o\000r}{section.366}% 140
\BOOKMARK [2][-]{subsection.381}{\376\377\000P\000h\000a\000s\000e\000\040\000e\000s\000t\000i\000m\000a\000t\000o\000r}{section.366}% 141
\BOOKMARK [1][-]{section.382}{\376\377\000P\000o\000i\000n\000t\000i\000n\000g\000\040\000t\000e\000s\000t\000s\000\040\000a\000n\000d\000\040\000p\000e\000r\000f\000o\000r\000m\000a\000n\000c\000e\000\040\000r\000e\000s\000u\000l\000t\000s}{chapter.351}% 142
\BOOKMARK [2][-]{subsection.383}{\376\377\000C\000o\000n\000t\000r\000o\000l\000\040\000s\000y\000s\000t\000e\000m\000\040\000i\000n\000\040\000p\000r\000a\000c\000t\000i\000c\000e}{section.382}% 143
\BOOKMARK [2][-]{subsection.384}{\376\377\000G\000o\000n\000d\000o\000l\000a\000\040\000p\000o\000i\000n\000t\000i\000n\000g\000\040\000s\000t\000a\000b\000i\000l\000i\000t\000y\000\040\000w\000i\000t\000h\000\040\000h\000i\000g\000h\000\040\000b\000a\000y\000\040\000d\000o\000o\000r\000s\000\040\000c\000l\000o\000s\000e\000d}{section.382}% 144
\BOOKMARK [2][-]{subsection.388}{\376\377\000O\000n\000-\000s\000k\000y\000\040\000p\000o\000i\000n\000t\000i\000n\000g\000\040\000c\000o\000n\000t\000r\000o\000l}{section.382}% 145
\BOOKMARK [2][-]{subsection.392}{\376\377\000W\000h\000a\000t\000'\000s\000\040\000l\000e\000f\000t\000:\000\040\000F\000i\000n\000e\000\040\000g\000u\000i\000d\000i\000n\000g\000\040\000s\000e\000n\000s\000o\000r\000\040\000l\000o\000o\000p\000\040\000i\000m\000p\000l\000e\000m\000e\000n\000t\000a\000t\000i\000o\000n}{section.382}% 146
\BOOKMARK [0][-]{chapter.397}{\376\377\000C\000o\000n\000c\000l\000u\000s\000i\000o\000n}{}% 147
\BOOKMARK [0][-]{appendix.398}{\376\377\000F\000a\000r\000-\000I\000R\000\040\000d\000o\000u\000b\000l\000e\000-\000F\000o\000u\000r\000i\000e\000r\000\040\000i\000n\000t\000e\000r\000f\000e\000r\000o\000m\000e\000t\000e\000r\000s\000\040\000a\000n\000d\000\040\000t\000h\000e\000i\000r\000\040\000s\000p\000e\000c\000t\000r\000a\000l\000\040\000s\000e\000n\000s\000i\000t\000i\000v\000i\000t\000y}{}% 148
\BOOKMARK [1][-]{section.399}{\376\377\000D\000e\000r\000i\000v\000i\000n\000g\000\040\000t\000h\000e\000\040\000I\000n\000t\000e\000r\000f\000e\000r\000o\000g\000r\000a\000m\000\040\000E\000q\000u\000a\000t\000i\000o\000n\000\040\000i\000n\000\040\000a\000\040\000D\000o\000u\000b\000l\000e\000\040\000F\000o\000u\000r\000i\000e\000r\000\040\000S\000y\000s\000t\000e\000m}{appendix.398}% 149
\BOOKMARK [1][-]{section.408}{\376\377\000S\000p\000e\000c\000t\000r\000a\000l\000\040\000n\000o\000i\000s\000e\000\040\000i\000n\000\040\000p\000r\000e\000s\000e\000n\000c\000e\000\040\000o\000f\000\040\000g\000a\000u\000s\000s\000i\000a\000n\000\040\000p\000h\000a\000s\000e\000\040\000n\000o\000i\000s\000e}{appendix.398}% 150
\BOOKMARK [1][-]{section.411}{\376\377\000F\000r\000i\000n\000g\000e\000\040\000t\000r\000a\000c\000k\000i\000n\000g\000\040\000i\000n\000\040\000t\000h\000e\000\040\000s\000c\000i\000e\000n\000c\000e\000\040\000c\000h\000a\000n\000n\000e\000l\000s}{appendix.398}% 151
\BOOKMARK [0][-]{appendix.413}{\376\377\000A\000t\000t\000i\000t\000u\000d\000e\000\040\000r\000e\000p\000r\000e\000s\000e\000n\000t\000a\000t\000i\000o\000n\000\040\000i\000n\000\040\000t\000h\000r\000e\000e\000\040\000d\000i\000m\000e\000n\000s\000i\000o\000n\000s}{}% 152
\BOOKMARK [1][-]{section.414}{\376\377\000T\000a\000i\000t\000-\000B\000r\000y\000a\000n\000/\000E\000u\000l\000e\000r\000\040\000a\000n\000g\000l\000e\000s}{appendix.413}% 153
\BOOKMARK [1][-]{section.415}{\376\377\000R\000o\000t\000a\000t\000i\000o\000n\000\040\000m\000a\000t\000r\000i\000c\000e\000s}{appendix.413}% 154
\BOOKMARK [1][-]{section.425}{\376\377\000Q\000u\000a\000t\000e\000r\000n\000i\000o\000n\000s}{appendix.413}% 155
\BOOKMARK [2][-]{subsection.429}{\376\377\000Q\000u\000a\000t\000e\000r\000n\000i\000o\000n\000\040\000m\000u\000l\000t\000i\000p\000l\000i\000c\000a\000t\000i\000o\000n}{section.425}% 156
\BOOKMARK [2][-]{subsection.433}{\376\377\000R\000e\000l\000a\000t\000i\000o\000n\000s\000h\000i\000p\000\040\000w\000i\000t\000h\000\040\000m\000a\000t\000r\000i\000c\000e\000s\000\040\000a\000n\000d\000\040\000e\000l\000e\000m\000e\000n\000t\000a\000r\000y\000\040\000q\000u\000a\000t\000e\000r\000n\000i\000o\000n\000s}{section.425}% 157
\BOOKMARK [1][-]{section.435}{\376\377\000Q\000u\000a\000t\000e\000r\000n\000i\000o\000n\000\040\000d\000e\000r\000i\000v\000a\000t\000i\000v\000e\000\040\000a\000n\000d\000\040\000i\000n\000t\000e\000g\000r\000a\000t\000i\000o\000n}{appendix.413}% 158
\BOOKMARK [1][-]{section.440}{\376\377\000C\000o\000v\000a\000r\000i\000a\000n\000c\000e\000\040\000m\000a\000t\000r\000i\000c\000e\000s\000\040\000i\000n\000\040\000d\000i\000f\000f\000e\000r\000e\000n\000t\000\040\000r\000e\000f\000e\000r\000e\000n\000c\000e\000\040\000f\000r\000a\000m\000e\000s}{appendix.413}% 159
\BOOKMARK [2][-]{subsection.441}{\376\377\000S\000m\000a\000l\000l\000\040\000a\000n\000g\000l\000e\000\040\000a\000p\000p\000r\000o\000x\000i\000m\000a\000t\000i\000o\000n}{section.440}% 160
\BOOKMARK [0][-]{appendix.444}{\376\377\000T\000h\000e\000\040\000P\000I\000D\000\040\000c\000o\000n\000t\000r\000o\000l\000\040\000l\000o\000o\000p}{}% 161
